2025-08-04 01:45:34,219 - werkzeug - WARNING -  * Debugger is active!
2025-08-04 01:45:34,223 - werkzeug - INFO -  * Debugger PIN: 153-134-149
2025-08-04 01:46:33,492 - werkzeug - INFO -  * Detected change in 'C:\\Users\\Kahaf Sameer\\Documents\\Flutter projects\\img2sketch\\run.py', reloading
2025-08-04 01:46:33,493 - werkzeug - INFO -  * Detected change in 'C:\\Users\\Kahaf Sameer\\Documents\\Flutter projects\\img2sketch\\run.py', reloading
2025-08-04 01:46:33,494 - werkzeug - INFO -  * Detected change in 'C:\\Users\\Kahaf Sameer\\Documents\\Flutter projects\\img2sketch\\run.py', reloading
2025-08-04 01:46:35,432 - werkzeug - WARNING -  * Debugger is active!
2025-08-04 01:46:35,437 - werkzeug - INFO -  * Debugger PIN: 153-134-149
2025-08-04 02:04:51,747 - werkzeug - INFO -  * Detected change in 'C:\\Users\\Kahaf Sameer\\Documents\\Flutter projects\\img2sketch\\img2Sketch.py', reloading
2025-08-04 02:04:51,748 - werkzeug - INFO -  * Detected change in 'C:\\Users\\Kahaf Sameer\\Documents\\Flutter projects\\img2sketch\\img2Sketch.py', reloading
2025-08-04 02:05:03,146 - werkzeug - WARNING -  * Debugger is active!
2025-08-04 02:05:03,153 - werkzeug - INFO -  * Debugger PIN: 153-134-149
2025-08-04 02:06:07,011 - werkzeug - INFO -  * Detected change in 'C:\\Users\\Kahaf Sameer\\Documents\\Flutter projects\\img2sketch\\background_removal.py', reloading
2025-08-04 02:06:10,173 - werkzeug - WARNING -  * Debugger is active!
2025-08-04 02:06:10,178 - werkzeug - INFO -  * Debugger PIN: 153-134-149
2025-08-04 02:06:11,394 - werkzeug - INFO -  * Detected change in 'C:\\Users\\Kahaf Sameer\\Documents\\Flutter projects\\img2sketch\\background_removal.py', reloading
2025-08-04 02:06:11,394 - werkzeug - INFO -  * Detected change in 'C:\\Users\\Kahaf Sameer\\Documents\\Flutter projects\\img2sketch\\background_removal.py', reloading
2025-08-04 02:06:11,396 - werkzeug - INFO -  * Detected change in 'C:\\Users\\Kahaf Sameer\\Documents\\Flutter projects\\img2sketch\\background_removal.py', reloading
2025-08-04 02:06:13,794 - werkzeug - WARNING -  * Debugger is active!
2025-08-04 02:06:13,798 - werkzeug - INFO -  * Debugger PIN: 153-134-149
2025-08-04 02:10:26,544 - werkzeug - INFO -  * Detected change in 'C:\\Users\\Kahaf Sameer\\Documents\\Flutter projects\\img2sketch\\config.py', reloading
2025-08-04 02:10:26,548 - werkzeug - INFO -  * Detected change in 'C:\\Users\\Kahaf Sameer\\Documents\\Flutter projects\\img2sketch\\config.py', reloading
2025-08-04 02:10:26,548 - werkzeug - INFO -  * Detected change in 'C:\\Users\\Kahaf Sameer\\Documents\\Flutter projects\\img2sketch\\config.py', reloading
2025-08-04 02:10:29,537 - werkzeug - WARNING -  * Debugger is active!
2025-08-04 02:10:29,542 - werkzeug - INFO -  * Debugger PIN: 153-134-149
2025-08-04 02:10:32,345 - werkzeug - INFO -  * Detected change in 'C:\\Users\\Kahaf Sameer\\Documents\\Flutter projects\\img2sketch\\config.py', reloading
2025-08-04 02:10:32,346 - werkzeug - INFO -  * Detected change in 'C:\\Users\\Kahaf Sameer\\Documents\\Flutter projects\\img2sketch\\config.py', reloading
2025-08-04 02:10:32,347 - werkzeug - INFO -  * Detected change in 'C:\\Users\\Kahaf Sameer\\Documents\\Flutter projects\\img2sketch\\config.py', reloading
2025-08-04 02:10:34,309 - werkzeug - WARNING -  * Debugger is active!
2025-08-04 02:10:34,314 - werkzeug - INFO -  * Debugger PIN: 153-134-149
2025-08-04 02:15:41,136 - werkzeug - INFO -  * Detected change in 'C:\\Users\\Kahaf Sameer\\Documents\\Flutter projects\\img2sketch\\tests\\test_image_processing.py', reloading
2025-08-04 02:15:41,139 - werkzeug - INFO -  * Detected change in 'C:\\Users\\Kahaf Sameer\\Documents\\Flutter projects\\img2sketch\\tests\\test_image_processing.py', reloading
2025-08-04 02:15:41,139 - werkzeug - INFO -  * Detected change in 'C:\\Users\\Kahaf Sameer\\Documents\\Flutter projects\\img2sketch\\tests\\test_image_processing.py', reloading
2025-08-04 02:15:45,195 - werkzeug - WARNING -  * Debugger is active!
2025-08-04 02:15:45,200 - werkzeug - INFO -  * Debugger PIN: 153-134-149
2025-08-04 02:15:47,665 - werkzeug - INFO -  * Detected change in 'C:\\Users\\Kahaf Sameer\\Documents\\Flutter projects\\img2sketch\\tests\\test_image_processing.py', reloading
2025-08-04 02:15:47,665 - werkzeug - INFO -  * Detected change in 'C:\\Users\\Kahaf Sameer\\Documents\\Flutter projects\\img2sketch\\tests\\test_image_processing.py', reloading
2025-08-04 02:15:49,878 - werkzeug - WARNING -  * Debugger is active!
2025-08-04 02:15:49,882 - werkzeug - INFO -  * Debugger PIN: 153-134-149
2025-08-04 02:16:06,950 - werkzeug - INFO -  * Detected change in 'C:\\Users\\Kahaf Sameer\\Documents\\Flutter projects\\img2sketch\\run.py', reloading
2025-08-04 02:16:06,956 - werkzeug - INFO -  * Detected change in 'C:\\Users\\Kahaf Sameer\\Documents\\Flutter projects\\img2sketch\\config.py', reloading
2025-08-04 02:16:06,957 - werkzeug - INFO -  * Detected change in 'C:\\Users\\Kahaf Sameer\\Documents\\Flutter projects\\img2sketch\\img2Sketch.py', reloading
2025-08-04 02:16:06,958 - werkzeug - INFO -  * Detected change in 'C:\\Users\\Kahaf Sameer\\Documents\\Flutter projects\\img2sketch\\background_removal.py', reloading
2025-08-04 02:16:06,959 - werkzeug - INFO -  * Detected change in 'C:\\Users\\Kahaf Sameer\\Documents\\Flutter projects\\img2sketch\\tests\\test_image_processing.py', reloading
2025-08-04 02:16:06,960 - werkzeug - INFO -  * Detected change in 'C:\\Users\\Kahaf Sameer\\Documents\\Flutter projects\\img2sketch\\run.py', reloading
2025-08-04 02:16:06,960 - werkzeug - INFO -  * Detected change in 'C:\\Users\\Kahaf Sameer\\Documents\\Flutter projects\\img2sketch\\config.py', reloading
2025-08-04 02:16:06,961 - werkzeug - INFO -  * Detected change in 'C:\\Users\\Kahaf Sameer\\Documents\\Flutter projects\\img2sketch\\run.py', reloading
2025-08-04 02:16:06,963 - werkzeug - INFO -  * Detected change in 'C:\\Users\\Kahaf Sameer\\Documents\\Flutter projects\\img2sketch\\img2Sketch.py', reloading
2025-08-04 02:16:06,963 - werkzeug - INFO -  * Detected change in 'C:\\Users\\Kahaf Sameer\\Documents\\Flutter projects\\img2sketch\\background_removal.py', reloading
2025-08-04 02:16:06,965 - werkzeug - INFO -  * Detected change in 'C:\\Users\\Kahaf Sameer\\Documents\\Flutter projects\\img2sketch\\tests\\test_image_processing.py', reloading
2025-08-04 02:16:06,967 - werkzeug - INFO -  * Detected change in 'C:\\Users\\Kahaf Sameer\\Documents\\Flutter projects\\img2sketch\\config.py', reloading
2025-08-04 02:16:06,967 - werkzeug - INFO -  * Detected change in 'C:\\Users\\Kahaf Sameer\\Documents\\Flutter projects\\img2sketch\\background_removal.py', reloading
2025-08-04 02:16:06,968 - werkzeug - INFO -  * Detected change in 'C:\\Users\\Kahaf Sameer\\Documents\\Flutter projects\\img2sketch\\img2Sketch.py', reloading
2025-08-04 02:16:06,969 - werkzeug - INFO -  * Detected change in 'C:\\Users\\Kahaf Sameer\\Documents\\Flutter projects\\img2sketch\\tests\\test_image_processing.py', reloading
2025-08-04 02:16:09,842 - werkzeug - WARNING -  * Debugger is active!
2025-08-04 02:16:09,847 - werkzeug - INFO -  * Debugger PIN: 153-134-149
2025-08-04 02:17:51,967 - werkzeug - INFO - 127.0.0.1 - - [04/Aug/2025 02:17:51] "GET / HTTP/1.1" 200 -
2025-08-04 02:17:52,089 - werkzeug - INFO - 127.0.0.1 - - [04/Aug/2025 02:17:52] "GET /static/styles.css HTTP/1.1" 200 -
2025-08-04 02:17:52,095 - werkzeug - INFO - 127.0.0.1 - - [04/Aug/2025 02:17:52] "GET /static/script.js HTTP/1.1" 200 -
2025-08-04 02:17:52,095 - werkzeug - INFO - 127.0.0.1 - - [04/Aug/2025 02:17:52] "[36mGET /static/images/image.jpg HTTP/1.1[0m" 304 -
2025-08-04 02:18:17,864 - werkzeug - INFO -  * Detected change in 'C:\\Users\\Kahaf Sameer\\Documents\\Flutter projects\\img2sketch\\ghibli_image_generator\\src\\__init__.py', reloading
2025-08-04 02:18:17,879 - werkzeug - INFO -  * Detected change in 'C:\\Users\\Kahaf Sameer\\Documents\\Flutter projects\\img2sketch\\ghibli_image_generator\\src\\utils.py', reloading
2025-08-04 02:18:17,895 - werkzeug - INFO -  * Detected change in 'C:\\Users\\Kahaf Sameer\\Documents\\Flutter projects\\img2sketch\\ghibli_image_generator\\src\\routes.py', reloading
2025-08-04 02:18:17,908 - werkzeug - INFO -  * Detected change in 'C:\\Users\\Kahaf Sameer\\Documents\\Flutter projects\\img2sketch\\ghibli_image_generator\\src\\model.py', reloading
2025-08-04 02:18:17,959 - werkzeug - INFO -  * Detected change in 'C:\\Users\\Kahaf Sameer\\Documents\\Flutter projects\\img2sketch\\ghibli_image_generator\\app.py', reloading
2025-08-04 02:18:17,977 - werkzeug - INFO -  * Detected change in 'C:\\Users\\Kahaf Sameer\\Documents\\Flutter projects\\img2sketch\\ghibli_cartoon.py', reloading
2025-08-04 02:18:20,050 - werkzeug - WARNING -  * Debugger is active!
2025-08-04 02:18:20,055 - werkzeug - INFO -  * Debugger PIN: 153-134-149
2025-08-04 02:19:06,631 - werkzeug - INFO - 127.0.0.1 - - [04/Aug/2025 02:19:06] "GET / HTTP/1.1" 200 -
2025-08-04 02:19:06,837 - werkzeug - INFO - 127.0.0.1 - - [04/Aug/2025 02:19:06] "GET /static/script.js HTTP/1.1" 200 -
2025-08-04 02:19:06,849 - werkzeug - INFO - 127.0.0.1 - - [04/Aug/2025 02:19:06] "GET /static/styles.css HTTP/1.1" 200 -
2025-08-04 02:19:06,849 - werkzeug - INFO - 127.0.0.1 - - [04/Aug/2025 02:19:06] "GET /static/images/image.jpg HTTP/1.1" 200 -
2025-08-04 02:19:14,715 - werkzeug - INFO -  * Detected change in 'C:\\Users\\Kahaf Sameer\\AppData\\Local\\Programs\\Python\\Python310\\Lib\\site-packages\\flask\\app.py', reloading
2025-08-04 02:19:14,727 - werkzeug - INFO -  * Detected change in 'C:\\Users\\Kahaf Sameer\\AppData\\Local\\Programs\\Python\\Python310\\Lib\\site-packages\\werkzeug\\middleware\\proxy_fix.py', reloading
2025-08-04 02:19:14,743 - werkzeug - INFO -  * Detected change in 'C:\\Users\\Kahaf Sameer\\AppData\\Local\\Programs\\Python\\Python310\\Lib\\site-packages\\flask\\templating.py', reloading
2025-08-04 02:19:14,766 - werkzeug - INFO -  * Detected change in 'C:\\Users\\Kahaf Sameer\\AppData\\Local\\Programs\\Python\\Python310\\Lib\\site-packages\\jinja2\\environment.py', reloading
2025-08-04 02:19:14,791 - werkzeug - INFO -  * Detected change in 'C:\\Users\\Kahaf Sameer\\AppData\\Local\\Programs\\Python\\Python310\\Lib\\site-packages\\jinja2\\loaders.py', reloading
2025-08-04 02:19:14,807 - werkzeug - INFO -  * Detected change in 'C:\\Users\\Kahaf Sameer\\AppData\\Local\\Programs\\Python\\Python310\\Lib\\site-packages\\flask\\ctx.py', reloading
2025-08-04 02:19:14,830 - werkzeug - INFO -  * Detected change in 'C:\\Users\\Kahaf Sameer\\AppData\\Local\\Programs\\Python\\Python310\\Lib\\site-packages\\werkzeug\\routing\\map.py', reloading
2025-08-04 02:19:14,860 - werkzeug - INFO -  * Detected change in 'C:\\Users\\Kahaf Sameer\\AppData\\Local\\Programs\\Python\\Python310\\Lib\\site-packages\\werkzeug\\routing\\matcher.py', reloading
2025-08-04 02:19:14,904 - werkzeug - INFO - 127.0.0.1 - - [04/Aug/2025 02:19:14] "[35m[1mGET /favicon.ico HTTP/1.1[0m" 500 -
2025-08-04 02:19:17,442 - werkzeug - WARNING -  * Debugger is active!
2025-08-04 02:19:17,447 - werkzeug - INFO -  * Debugger PIN: 153-134-149
2025-08-04 02:19:35,890 - __main__ - ERROR - Pencil sketch error: File type not allowed. Allowed types: png, bmp, webp, jpg, gif, jpeg
2025-08-04 02:19:35,892 - werkzeug - INFO - 127.0.0.1 - - [04/Aug/2025 02:19:35] "[35m[1mPOST /pencil_sketch HTTP/1.1[0m" 500 -
2025-08-04 02:19:37,313 - __main__ - ERROR - Pencil sketch error: File type not allowed. Allowed types: png, bmp, webp, jpg, gif, jpeg
2025-08-04 02:19:37,315 - werkzeug - INFO - 127.0.0.1 - - [04/Aug/2025 02:19:37] "[35m[1mPOST /pencil_sketch HTTP/1.1[0m" 500 -
2025-08-04 02:19:38,654 - __main__ - ERROR - Pencil sketch error: File type not allowed. Allowed types: png, bmp, webp, jpg, gif, jpeg
2025-08-04 02:19:38,655 - werkzeug - INFO - 127.0.0.1 - - [04/Aug/2025 02:19:38] "[35m[1mPOST /pencil_sketch HTTP/1.1[0m" 500 -
2025-08-04 02:19:39,718 - __main__ - ERROR - Pencil sketch error: File type not allowed. Allowed types: png, bmp, webp, jpg, gif, jpeg
2025-08-04 02:19:39,719 - werkzeug - INFO - 127.0.0.1 - - [04/Aug/2025 02:19:39] "[35m[1mPOST /pencil_sketch HTTP/1.1[0m" 500 -
2025-08-04 02:19:41,008 - __main__ - ERROR - Pencil sketch error: File type not allowed. Allowed types: png, bmp, webp, jpg, gif, jpeg
2025-08-04 02:19:41,009 - werkzeug - INFO - 127.0.0.1 - - [04/Aug/2025 02:19:41] "[35m[1mPOST /pencil_sketch HTTP/1.1[0m" 500 -
2025-08-04 02:21:58,334 - werkzeug - INFO -  * Detected change in 'C:\\Users\\Kahaf Sameer\\Documents\\Flutter projects\\img2sketch\\background_removal.py', reloading
2025-08-04 02:21:58,335 - werkzeug - INFO -  * Detected change in 'C:\\Users\\Kahaf Sameer\\Documents\\Flutter projects\\img2sketch\\img2Sketch.py', reloading
2025-08-04 02:21:58,336 - werkzeug - INFO -  * Detected change in 'C:\\Users\\Kahaf Sameer\\Documents\\Flutter projects\\img2sketch\\run.py', reloading
2025-08-04 02:21:58,337 - werkzeug - INFO -  * Detected change in 'C:\\Users\\Kahaf Sameer\\Documents\\Flutter projects\\img2sketch\\tests\\test_image_processing.py', reloading
2025-08-04 02:21:58,338 - werkzeug - INFO -  * Detected change in 'C:\\Users\\Kahaf Sameer\\Documents\\Flutter projects\\img2sketch\\config.py', reloading
2025-08-04 02:21:58,365 - werkzeug - INFO -  * Detected change in 'C:\\Users\\Kahaf Sameer\\Documents\\Flutter projects\\img2sketch\\background_removal.py', reloading
2025-08-04 02:21:58,371 - werkzeug - INFO -  * Detected change in 'C:\\Users\\Kahaf Sameer\\Documents\\Flutter projects\\img2sketch\\img2Sketch.py', reloading
2025-08-04 02:21:58,375 - werkzeug - INFO -  * Detected change in 'C:\\Users\\Kahaf Sameer\\Documents\\Flutter projects\\img2sketch\\run.py', reloading
2025-08-04 02:21:58,402 - werkzeug - INFO -  * Detected change in 'C:\\Users\\Kahaf Sameer\\Documents\\Flutter projects\\img2sketch\\tests\\test_image_processing.py', reloading
2025-08-04 02:21:58,413 - werkzeug - INFO -  * Detected change in 'C:\\Users\\Kahaf Sameer\\Documents\\Flutter projects\\img2sketch\\config.py', reloading
2025-08-04 02:21:58,416 - werkzeug - INFO -  * Detected change in 'C:\\Users\\Kahaf Sameer\\Documents\\Flutter projects\\img2sketch\\background_removal.py', reloading
2025-08-04 02:21:58,420 - werkzeug - INFO -  * Detected change in 'C:\\Users\\Kahaf Sameer\\Documents\\Flutter projects\\img2sketch\\img2Sketch.py', reloading
2025-08-04 02:21:58,443 - werkzeug - INFO -  * Detected change in 'C:\\Users\\Kahaf Sameer\\Documents\\Flutter projects\\img2sketch\\run.py', reloading
2025-08-04 02:21:58,457 - werkzeug - INFO -  * Detected change in 'C:\\Users\\Kahaf Sameer\\Documents\\Flutter projects\\img2sketch\\tests\\test_image_processing.py', reloading
2025-08-04 02:21:58,460 - werkzeug - INFO -  * Detected change in 'C:\\Users\\Kahaf Sameer\\Documents\\Flutter projects\\img2sketch\\config.py', reloading
2025-08-04 02:21:58,746 - werkzeug - INFO -  * Detected change in 'C:\\Users\\Kahaf Sameer\\Documents\\Flutter projects\\img2sketch\\tests\\test_image_processing.py', reloading
2025-08-04 02:21:58,763 - werkzeug - INFO -  * Detected change in 'C:\\Users\\Kahaf Sameer\\Documents\\Flutter projects\\img2sketch\\config.py', reloading
